Application/build/intermediates/manifest_merge_blame_file/debug/manifest-merger-blame-debug-report.txt
1<?xml version="1.0" encoding="utf-8"?>
2<manifest xmlns:android="http://schemas.android.com/apk/res/android"
3    package="com.example.android.fillmeinfixed"
4    android:versionCode="1"
5    android:versionName="1.0" >
6
7    <uses-sdk
8        android:minSdkVersion="26"
8-->src\main\AndroidManifest.xml
9        android:targetSdkVersion="28" />
9-->src\main\AndroidManifest.xml
10    <!-- Min/target SDK versions (<uses-sdk>) managed by build.gradle -->
11    <!--
12 Declare this required feature if you want to make the app available to BLE-capable
13    devices only.  If you want to make your app available to devices that don't support BLE,
14    you should omit this in the manifest.  Instead, determine BLE capability by using
15    PackageManager.hasSystemFeature(FEATURE_BLUETOOTH_LE)
16    -->
17    <uses-feature
17-->src\main\AndroidManifest.xml:13:5-15:35
18        android:name="android.hardware.bluetooth_le"
18-->src\main\AndroidManifest.xml:14:9-53
19        android:required="true" />
19-->src\main\AndroidManifest.xml:15:9-32
20
21    <uses-permission android:name="android.permission.RECEIVE_SMS" />
21-->src\main\AndroidManifest.xml:17:5-70
21-->src\main\AndroidManifest.xml:17:22-67
22    <uses-permission android:name="android.permission.READ_SMS" />
22-->src\main\AndroidManifest.xml:18:5-67
22-->src\main\AndroidManifest.xml:18:22-64
23    <uses-permission android:name="android.permission.ACCESS_FINE_LOCATION" />
23-->src\main\AndroidManifest.xml:19:5-79
23-->src\main\AndroidManifest.xml:19:22-76
24    <uses-permission android:name="android.permission.ACCESS_COARSE_LOCATION" />
24-->src\main\AndroidManifest.xml:20:5-81
24-->src\main\AndroidManifest.xml:20:22-78
25    <uses-permission android:name="android.permission.BLUETOOTH" />
25-->src\main\AndroidManifest.xml:21:5-68
25-->src\main\AndroidManifest.xml:21:22-65
26    <uses-permission android:name="android.permission.BLUETOOTH_ADMIN" />
26-->src\main\AndroidManifest.xml:22:5-74
26-->src\main\AndroidManifest.xml:22:22-71
27
28    <application
28-->src\main\AndroidManifest.xml:24:5-63:19
29        android:appComponentFactory="androidx.core.app.CoreComponentFactory"
29-->[androidx.core:core:1.5.0] AndroidManifest.xml:24:18-86
30        android:debuggable="true"
31        android:extractNativeLibs="false"
32        android:icon="@drawable/ic_launcher"
32-->src\main\AndroidManifest.xml:25:9-45
33        android:label="@string/app_name"
33-->src\main\AndroidManifest.xml:26:9-41
34        android:testOnly="true"
35        android:theme="@style/AppTheme" >
35-->src\main\AndroidManifest.xml:27:9-40
36        <activity android:name="com.example.android.fillmeinfixed.WelcomeActivity" >
36-->src\main\AndroidManifest.xml:29:9-34:20
36-->src\main\AndroidManifest.xml:29:19-50
37            <intent-filter>
37-->src\main\AndroidManifest.xml:30:13-33:29
38                <action android:name="android.intent.action.MAIN" />
38-->src\main\AndroidManifest.xml:31:17-69
38-->src\main\AndroidManifest.xml:31:25-66
39
40                <category android:name="android.intent.category.LAUNCHER" />
40-->src\main\AndroidManifest.xml:32:17-77
40-->src\main\AndroidManifest.xml:32:27-74
41            </intent-filter>
42        </activity>
43        <activity
43-->src\main\AndroidManifest.xml:35:9-37:63
44            android:name="com.example.android.fillmeinfixed.SettingsActivity"
44-->src\main\AndroidManifest.xml:36:13-45
45            android:label="@string/title_activity_settings" />
45-->src\main\AndroidManifest.xml:37:13-60
46
47        <receiver
47-->src\main\AndroidManifest.xml:39:9-42:39
48            android:name="com.example.android.fillmeinfixed.SMSBroadcastReceiver"
48-->src\main\AndroidManifest.xml:40:13-49
49            android:enabled="true"
49-->src\main\AndroidManifest.xml:41:13-35
50            android:exported="true" />
50-->src\main\AndroidManifest.xml:42:13-36
51
52        <activity
52-->src\main\AndroidManifest.xml:44:9-49:20
53            android:name="com.example.android.fillmeinfixed.DeviceScanActivity"
53-->src\main\AndroidManifest.xml:45:13-47
54            android:label="@string/app_name"
54-->src\main\AndroidManifest.xml:46:13-45
55            android:theme="@style/FullscreenActionBarStyle" >
55-->src\main\AndroidManifest.xml:47:13-60
56        </activity>
57        <activity android:name="com.example.android.fillmeinfixed.DeviceControlActivity" />
57-->src\main\AndroidManifest.xml:50:9-59
57-->src\main\AndroidManifest.xml:50:19-56
58
59        <service
59-->src\main\AndroidManifest.xml:52:9-54:38
60            android:name="com.example.android.fillmeinfixed.BluetoothLeService"
60-->src\main\AndroidManifest.xml:53:13-47
61            android:enabled="true" />
61-->src\main\AndroidManifest.xml:54:13-35
62        <service
62-->src\main\AndroidManifest.xml:55:9-58:72
63            android:name="com.example.android.fillmeinfixed.MessageDeliveryJobIntentService"
63-->src\main\AndroidManifest.xml:56:13-60
64            android:enabled="true"
64-->src\main\AndroidManifest.xml:57:13-35
65            android:permission="android.permission.BIND_JOB_SERVICE" />
65-->src\main\AndroidManifest.xml:58:13-69
66
67        <meta-data
67-->src\main\AndroidManifest.xml:60:9-62:57
68            android:name="preloaded_fonts"
68-->src\main\AndroidManifest.xml:61:13-43
69            android:resource="@array/preloaded_fonts" />
69-->src\main\AndroidManifest.xml:62:13-54
70    </application>
71
72</manifest>